2017/07/01 1:02:13 にビルドを開始しました。
     1>ノード 2 上のプロジェクト "F:\game\GUIothello\GUIothello\GUIothello.vcxproj" (build ターゲット)。
     1>InitializeBuildStatus:
         "AlwaysCreate" が指定されたため "Debug\GUIothello.unsuccessfulbuild" を作成しています。
       ClCompile:
         C:\Program Files (x86)\Microsoft Visual Studio 10.0\VC\bin\CL.exe /c /I../../DxLib /ZI /nologo /W3 /WX- /Od /Oy- /D WIN32 /D _DEBUG /D _WINDOWS /D _MBCS /Gm /EHsc /RTC1 /MTd /GS /fp:precise /Zc:wchar_t /Zc:forScope /Fo"Debug\\" /Fd"Debug\vc100.pdb" /Gd /TP /analyze- /errorReport:prompt GUIothello.cpp
         GUIothello.cpp
     1>f:\game\guiothello\guiothello\othello.h(407): warning C4996: 'gets': This function or variable may be unsafe. Consider using gets_s instead. To disable deprecation, use _CRT_SECURE_NO_WARNINGS. See online help for details.
                 c:\program files (x86)\microsoft visual studio 10.0\vc\include\stdio.h(277) : 'gets' の宣言を確認してください。
     1>f:\game\guiothello\guiothello\othello.h(416): warning C4996: 'gets': This function or variable may be unsafe. Consider using gets_s instead. To disable deprecation, use _CRT_SECURE_NO_WARNINGS. See online help for details.
                 c:\program files (x86)\microsoft visual studio 10.0\vc\include\stdio.h(277) : 'gets' の宣言を確認してください。
     1>f:\game\guiothello\guiothello\othello.h(423): warning C4996: 'gets': This function or variable may be unsafe. Consider using gets_s instead. To disable deprecation, use _CRT_SECURE_NO_WARNINGS. See online help for details.
                 c:\program files (x86)\microsoft visual studio 10.0\vc\include\stdio.h(277) : 'gets' の宣言を確認してください。
       ManifestResourceCompile:
         すべての出力が最新のものです。
       Link:
         C:\Program Files (x86)\Microsoft Visual Studio 10.0\VC\bin\link.exe /ERRORREPORT:PROMPT /OUT:"F:\game\GUIothello\Debug\GUIothello.exe" /INCREMENTAL /NOLOGO /LIBPATH:../../DxLib kernel32.lib user32.lib gdi32.lib winspool.lib comdlg32.lib advapi32.lib shell32.lib ole32.lib oleaut32.lib uuid.lib odbc32.lib odbccp32.lib /MANIFEST /ManifestFile:"Debug\GUIothello.exe.intermediate.manifest" /MANIFESTUAC:"level='asInvoker' uiAccess='false'" /DEBUG /PDB:"F:\game\GUIothello\Debug\GUIothello.pdb" /SUBSYSTEM:WINDOWS /TLBID:1 /DYNAMICBASE /NXCOMPAT /IMPLIB:"F:\game\GUIothello\Debug\GUIothello.lib" /MACHINE:X86 Debug\GUIothello.exe.embed.manifest.res
         Debug\GUIothello.obj
       Manifest:
         C:\Program Files (x86)\Microsoft SDKs\Windows\v7.0A\bin\mt.exe /nologo /verbose /out:"Debug\GUIothello.exe.embed.manifest" /manifest Debug\GUIothello.exe.intermediate.manifest
         すべての出力が最新のものです。
       LinkEmbedManifest:
         すべての出力が最新のものです。
         GUIothello.vcxproj -> F:\game\GUIothello\Debug\GUIothello.exe
       FinalizeBuildStatus:
         ファイル "Debug\GUIothello.unsuccessfulbuild" を削除しています。
         "Debug\GUIothello.lastbuildstate" のタッチ タスクを実行しています。
     1>プロジェクト "F:\game\GUIothello\GUIothello\GUIothello.vcxproj" (build ターゲット) のビルドが完了しました。

ビルドに成功しました。

経過時間 00:00:29.71
