2017/07/01 12:36:36 にビルドを開始しました。
     1>ノード 2 上のプロジェクト "F:\game\GUIothello\GUIothello\GUIothello.vcxproj" (build ターゲット)。
     1>PrepareForBuild:
         ディレクトリ "F:\game\GUIothello\Release\" を作成しています。
       InitializeBuildStatus:
         "AlwaysCreate" が指定されたため "Release\GUIothello.unsuccessfulbuild" を作成しています。
       ClCompile:
         C:\Program Files (x86)\Microsoft Visual Studio 10.0\VC\bin\CL.exe /c /I../../DxLib /Zi /nologo /W3 /WX- /O2 /Oi /Oy- /GL /D WIN32 /D NDEBUG /D _WINDOWS /D _MBCS /Gm- /EHsc /MT /GS /Gy /fp:precise /Zc:wchar_t /Zc:forScope /Fo"Release\\" /Fd"Release\vc100.pdb" /Gd /TP /analyze- /errorReport:prompt GUIothello.cpp
         GUIothello.cpp
     1>f:\game\guiothello\guiothello\othello.h(407): warning C4996: 'gets': This function or variable may be unsafe. Consider using gets_s instead. To disable deprecation, use _CRT_SECURE_NO_WARNINGS. See online help for details.
                 C:\Program Files (x86)\Microsoft Visual Studio 10.0\VC\include\stdio.h(277) : 'gets' の宣言を確認してください。
     1>f:\game\guiothello\guiothello\othello.h(416): warning C4996: 'gets': This function or variable may be unsafe. Consider using gets_s instead. To disable deprecation, use _CRT_SECURE_NO_WARNINGS. See online help for details.
                 C:\Program Files (x86)\Microsoft Visual Studio 10.0\VC\include\stdio.h(277) : 'gets' の宣言を確認してください。
     1>f:\game\guiothello\guiothello\othello.h(423): warning C4996: 'gets': This function or variable may be unsafe. Consider using gets_s instead. To disable deprecation, use _CRT_SECURE_NO_WARNINGS. See online help for details.
                 C:\Program Files (x86)\Microsoft Visual Studio 10.0\VC\include\stdio.h(277) : 'gets' の宣言を確認してください。
       Link:
         C:\Program Files (x86)\Microsoft Visual Studio 10.0\VC\bin\link.exe /ERRORREPORT:PROMPT /OUT:"F:\game\GUIothello\Release\GUIothello.exe" /INCREMENTAL:NO /NOLOGO /LIBPATH:../../DxLib /LIBPATH:../../DxLib kernel32.lib user32.lib gdi32.lib winspool.lib comdlg32.lib advapi32.lib shell32.lib ole32.lib oleaut32.lib uuid.lib odbc32.lib odbccp32.lib /MANIFEST /ManifestFile:"Release\GUIothello.exe.intermediate.manifest" /MANIFESTUAC:"level='asInvoker' uiAccess='false'" /DEBUG /PDB:"F:\game\GUIothello\Release\GUIothello.pdb" /SUBSYSTEM:WINDOWS /OPT:REF /OPT:ICF /LTCG /TLBID:1 /DYNAMICBASE /NXCOMPAT /IMPLIB:"F:\game\GUIothello\Release\GUIothello.lib" /MACHINE:X86 Release\GUIothello.obj
         コード生成しています。
         コード生成が終了しました。
         GUIothello.vcxproj -> F:\game\GUIothello\Release\GUIothello.exe
       Manifest:
         C:\Program Files (x86)\Microsoft SDKs\Windows\v7.0A\bin\mt.exe /nologo /verbose /outputresource:"F:\game\GUIothello\Release\GUIothello.exe;#1" /manifest Release\GUIothello.exe.intermediate.manifest
       FinalizeBuildStatus:
         ファイル "Release\GUIothello.unsuccessfulbuild" を削除しています。
         "Release\GUIothello.lastbuildstate" のタッチ タスクを実行しています。
     1>プロジェクト "F:\game\GUIothello\GUIothello\GUIothello.vcxproj" (build ターゲット) のビルドが完了しました。

ビルドに成功しました。

経過時間 00:00:23.51
